生成启动时间为 2020/1/5 0:04:08。
     1>项目“S:\My Star\MyProjects\Final\Course Selection Management System For Students\一定要读Readme文档\Course Selection Management System For Students\Course Selection Management System For Students.vcxproj”在节点 2 上(Build 个目标)。
     1>ClCompile:
         C:\Program Files (x86)\Microsoft Visual Studio 12.0\VC\bin\CL.exe /c /ZI /nologo /W3 /WX- /Od /Oy- /D WIN32 /D _DEBUG /D _CONSOLE /D _LIB /D _UNICODE /D UNICODE /Gm /EHsc /RTC1 /MDd /GS /fp:precise /Zc:wchar_t /Zc:forScope /Fo"Debug\\" /Fd"Debug\vc120.pdb" /Gd /TP /analyze- /errorReport:prompt Control.cpp "Course Selection Management System For Students.cpp" Model.cpp stdafx.cpp View.cpp
         View.cpp
     1>s:\my star\myprojects\final\course selection management system for students\一定要读readme文档\course selection management system for students\view.cpp(15): warning C4996: 'scanf': This function or variable may be unsafe. Consider using scanf_s instead. To disable deprecation, use _CRT_SECURE_NO_WARNINGS. See online help for details.
                 c:\program files (x86)\microsoft visual studio 12.0\vc\include\stdio.h(283) : 参见“scanf”的声明
     1>s:\my star\myprojects\final\course selection management system for students\一定要读readme文档\course selection management system for students\view.cpp(47): warning C4996: 'scanf': This function or variable may be unsafe. Consider using scanf_s instead. To disable deprecation, use _CRT_SECURE_NO_WARNINGS. See online help for details.
                 c:\program files (x86)\microsoft visual studio 12.0\vc\include\stdio.h(283) : 参见“scanf”的声明
     1>s:\my star\myprojects\final\course selection management system for students\一定要读readme文档\course selection management system for students\view.cpp(67): warning C4996: 'scanf': This function or variable may be unsafe. Consider using scanf_s instead. To disable deprecation, use _CRT_SECURE_NO_WARNINGS. See online help for details.
                 c:\program files (x86)\microsoft visual studio 12.0\vc\include\stdio.h(283) : 参见“scanf”的声明
         stdafx.cpp
         Model.cpp
     1>s:\my star\myprojects\final\course selection management system for students\一定要读readme文档\course selection management system for students\model.cpp(25): warning C4996: 'scanf': This function or variable may be unsafe. Consider using scanf_s instead. To disable deprecation, use _CRT_SECURE_NO_WARNINGS. See online help for details.
                 c:\program files (x86)\microsoft visual studio 12.0\vc\include\stdio.h(283) : 参见“scanf”的声明
     1>s:\my star\myprojects\final\course selection management system for students\一定要读readme文档\course selection management system for students\model.cpp(27): warning C4996: 'scanf': This function or variable may be unsafe. Consider using scanf_s instead. To disable deprecation, use _CRT_SECURE_NO_WARNINGS. See online help for details.
                 c:\program files (x86)\microsoft visual studio 12.0\vc\include\stdio.h(283) : 参见“scanf”的声明
     1>s:\my star\myprojects\final\course selection management system for students\一定要读readme文档\course selection management system for students\model.cpp(29): warning C4996: 'scanf': This function or variable may be unsafe. Consider using scanf_s instead. To disable deprecation, use _CRT_SECURE_NO_WARNINGS. See online help for details.
                 c:\program files (x86)\microsoft visual studio 12.0\vc\include\stdio.h(283) : 参见“scanf”的声明
     1>s:\my star\myprojects\final\course selection management system for students\一定要读readme文档\course selection management system for students\model.cpp(42): warning C4996: 'scanf': This function or variable may be unsafe. Consider using scanf_s instead. To disable deprecation, use _CRT_SECURE_NO_WARNINGS. See online help for details.
                 c:\program files (x86)\microsoft visual studio 12.0\vc\include\stdio.h(283) : 参见“scanf”的声明
     1>s:\my star\myprojects\final\course selection management system for students\一定要读readme文档\course selection management system for students\model.cpp(57): warning C4996: 'scanf': This function or variable may be unsafe. Consider using scanf_s instead. To disable deprecation, use _CRT_SECURE_NO_WARNINGS. See online help for details.
                 c:\program files (x86)\microsoft visual studio 12.0\vc\include\stdio.h(283) : 参见“scanf”的声明
     1>s:\my star\myprojects\final\course selection management system for students\一定要读readme文档\course selection management system for students\model.cpp(82): warning C4996: 'scanf': This function or variable may be unsafe. Consider using scanf_s instead. To disable deprecation, use _CRT_SECURE_NO_WARNINGS. See online help for details.
                 c:\program files (x86)\microsoft visual studio 12.0\vc\include\stdio.h(283) : 参见“scanf”的声明
     1>s:\my star\myprojects\final\course selection management system for students\一定要读readme文档\course selection management system for students\model.cpp(84): warning C4996: 'scanf': This function or variable may be unsafe. Consider using scanf_s instead. To disable deprecation, use _CRT_SECURE_NO_WARNINGS. See online help for details.
                 c:\program files (x86)\microsoft visual studio 12.0\vc\include\stdio.h(283) : 参见“scanf”的声明
     1>s:\my star\myprojects\final\course selection management system for students\一定要读readme文档\course selection management system for students\model.cpp(88): warning C4996: 'scanf': This function or variable may be unsafe. Consider using scanf_s instead. To disable deprecation, use _CRT_SECURE_NO_WARNINGS. See online help for details.
                 c:\program files (x86)\microsoft visual studio 12.0\vc\include\stdio.h(283) : 参见“scanf”的声明
     1>s:\my star\myprojects\final\course selection management system for students\一定要读readme文档\course selection management system for students\model.cpp(95): warning C4996: 'scanf': This function or variable may be unsafe. Consider using scanf_s instead. To disable deprecation, use _CRT_SECURE_NO_WARNINGS. See online help for details.
                 c:\program files (x86)\microsoft visual studio 12.0\vc\include\stdio.h(283) : 参见“scanf”的声明
     1>s:\my star\myprojects\final\course selection management system for students\一定要读readme文档\course selection management system for students\model.cpp(111): warning C4996: 'scanf': This function or variable may be unsafe. Consider using scanf_s instead. To disable deprecation, use _CRT_SECURE_NO_WARNINGS. See online help for details.
                 c:\program files (x86)\microsoft visual studio 12.0\vc\include\stdio.h(283) : 参见“scanf”的声明
     1>s:\my star\myprojects\final\course selection management system for students\一定要读readme文档\course selection management system for students\model.cpp(128): warning C4996: 'scanf': This function or variable may be unsafe. Consider using scanf_s instead. To disable deprecation, use _CRT_SECURE_NO_WARNINGS. See online help for details.
                 c:\program files (x86)\microsoft visual studio 12.0\vc\include\stdio.h(283) : 参见“scanf”的声明
     1>s:\my star\myprojects\final\course selection management system for students\一定要读readme文档\course selection management system for students\model.cpp(134): warning C4996: 'scanf': This function or variable may be unsafe. Consider using scanf_s instead. To disable deprecation, use _CRT_SECURE_NO_WARNINGS. See online help for details.
                 c:\program files (x86)\microsoft visual studio 12.0\vc\include\stdio.h(283) : 参见“scanf”的声明
     1>s:\my star\myprojects\final\course selection management system for students\一定要读readme文档\course selection management system for students\model.cpp(142): warning C4996: 'scanf': This function or variable may be unsafe. Consider using scanf_s instead. To disable deprecation, use _CRT_SECURE_NO_WARNINGS. See online help for details.
                 c:\program files (x86)\microsoft visual studio 12.0\vc\include\stdio.h(283) : 参见“scanf”的声明
     1>s:\my star\myprojects\final\course selection management system for students\一定要读readme文档\course selection management system for students\model.cpp(163): warning C4996: 'scanf': This function or variable may be unsafe. Consider using scanf_s instead. To disable deprecation, use _CRT_SECURE_NO_WARNINGS. See online help for details.
                 c:\program files (x86)\microsoft visual studio 12.0\vc\include\stdio.h(283) : 参见“scanf”的声明
     1>s:\my star\myprojects\final\course selection management system for students\一定要读readme文档\course selection management system for students\model.cpp(193): warning C4996: 'scanf': This function or variable may be unsafe. Consider using scanf_s instead. To disable deprecation, use _CRT_SECURE_NO_WARNINGS. See online help for details.
                 c:\program files (x86)\microsoft visual studio 12.0\vc\include\stdio.h(283) : 参见“scanf”的声明
     1>s:\my star\myprojects\final\course selection management system for students\一定要读readme文档\course selection management system for students\model.cpp(209): warning C4996: 'scanf': This function or variable may be unsafe. Consider using scanf_s instead. To disable deprecation, use _CRT_SECURE_NO_WARNINGS. See online help for details.
                 c:\program files (x86)\microsoft visual studio 12.0\vc\include\stdio.h(283) : 参见“scanf”的声明
     1>s:\my star\myprojects\final\course selection management system for students\一定要读readme文档\course selection management system for students\model.cpp(214): warning C4996: 'scanf': This function or variable may be unsafe. Consider using scanf_s instead. To disable deprecation, use _CRT_SECURE_NO_WARNINGS. See online help for details.
                 c:\program files (x86)\microsoft visual studio 12.0\vc\include\stdio.h(283) : 参见“scanf”的声明
     1>s:\my star\myprojects\final\course selection management system for students\一定要读readme文档\course selection management system for students\model.cpp(221): warning C4996: 'scanf': This function or variable may be unsafe. Consider using scanf_s instead. To disable deprecation, use _CRT_SECURE_NO_WARNINGS. See online help for details.
                 c:\program files (x86)\microsoft visual studio 12.0\vc\include\stdio.h(283) : 参见“scanf”的声明
     1>s:\my star\myprojects\final\course selection management system for students\一定要读readme文档\course selection management system for students\model.cpp(242): warning C4996: 'scanf': This function or variable may be unsafe. Consider using scanf_s instead. To disable deprecation, use _CRT_SECURE_NO_WARNINGS. See online help for details.
                 c:\program files (x86)\microsoft visual studio 12.0\vc\include\stdio.h(283) : 参见“scanf”的声明
     1>s:\my star\myprojects\final\course selection management system for students\一定要读readme文档\course selection management system for students\model.cpp(279): warning C4996: 'scanf': This function or variable may be unsafe. Consider using scanf_s instead. To disable deprecation, use _CRT_SECURE_NO_WARNINGS. See online help for details.
                 c:\program files (x86)\microsoft visual studio 12.0\vc\include\stdio.h(283) : 参见“scanf”的声明
     1>s:\my star\myprojects\final\course selection management system for students\一定要读readme文档\course selection management system for students\model.cpp(241): warning C4101: “p”: 未引用的局部变量
     1>s:\my star\myprojects\final\course selection management system for students\一定要读readme文档\course selection management system for students\model.cpp(301): warning C4996: 'scanf': This function or variable may be unsafe. Consider using scanf_s instead. To disable deprecation, use _CRT_SECURE_NO_WARNINGS. See online help for details.
                 c:\program files (x86)\microsoft visual studio 12.0\vc\include\stdio.h(283) : 参见“scanf”的声明
     1>s:\my star\myprojects\final\course selection management system for students\一定要读readme文档\course selection management system for students\model.cpp(325): warning C4244: “=”: 从“double”转换到“int”，可能丢失数据
     1>s:\my star\myprojects\final\course selection management system for students\一定要读readme文档\course selection management system for students\model.cpp(349): warning C4996: 'scanf': This function or variable may be unsafe. Consider using scanf_s instead. To disable deprecation, use _CRT_SECURE_NO_WARNINGS. See online help for details.
                 c:\program files (x86)\microsoft visual studio 12.0\vc\include\stdio.h(283) : 参见“scanf”的声明
     1>s:\my star\myprojects\final\course selection management system for students\一定要读readme文档\course selection management system for students\model.cpp(351): warning C4996: 'scanf': This function or variable may be unsafe. Consider using scanf_s instead. To disable deprecation, use _CRT_SECURE_NO_WARNINGS. See online help for details.
                 c:\program files (x86)\microsoft visual studio 12.0\vc\include\stdio.h(283) : 参见“scanf”的声明
     1>s:\my star\myprojects\final\course selection management system for students\一定要读readme文档\course selection management system for students\model.cpp(353): warning C4996: 'scanf': This function or variable may be unsafe. Consider using scanf_s instead. To disable deprecation, use _CRT_SECURE_NO_WARNINGS. See online help for details.
                 c:\program files (x86)\microsoft visual studio 12.0\vc\include\stdio.h(283) : 参见“scanf”的声明
         Course Selection Management System For Students.cpp
     1>s:\my star\myprojects\final\course selection management system for students\一定要读readme文档\course selection management system for students\course selection management system for students.cpp(1): warning C4081: 应输入“(”；找到“newline”
         Control.cpp
     1>s:\my star\myprojects\final\course selection management system for students\一定要读readme文档\course selection management system for students\control.cpp(109): warning C4018: “<”: 有符号/无符号不匹配
     1>s:\my star\myprojects\final\course selection management system for students\一定要读readme文档\course selection management system for students\control.cpp(212): warning C4996: 'getch': The POSIX name for this item is deprecated. Instead, use the ISO C++ conformant name: _getch. See online help for details.
                 c:\program files (x86)\microsoft visual studio 12.0\vc\include\conio.h(131) : 参见“getch”的声明
     1>s:\my star\myprojects\final\course selection management system for students\一定要读readme文档\course selection management system for students\control.cpp(255): warning C4996: 'getche': The POSIX name for this item is deprecated. Instead, use the ISO C++ conformant name: _getche. See online help for details.
                 c:\program files (x86)\microsoft visual studio 12.0\vc\include\conio.h(132) : 参见“getche”的声明
     1>s:\my star\myprojects\final\course selection management system for students\一定要读readme文档\course selection management system for students\control.cpp(311): warning C4996: 'getch': The POSIX name for this item is deprecated. Instead, use the ISO C++ conformant name: _getch. See online help for details.
                 c:\program files (x86)\microsoft visual studio 12.0\vc\include\conio.h(131) : 参见“getch”的声明
     1>s:\my star\myprojects\final\course selection management system for students\一定要读readme文档\course selection management system for students\control.cpp(341): warning C4996: 'fopen': This function or variable may be unsafe. Consider using fopen_s instead. To disable deprecation, use _CRT_SECURE_NO_WARNINGS. See online help for details.
                 c:\program files (x86)\microsoft visual studio 12.0\vc\include\stdio.h(211) : 参见“fopen”的声明
     1>s:\my star\myprojects\final\course selection management system for students\一定要读readme文档\course selection management system for students\control.cpp(379): warning C4996: 'fopen': This function or variable may be unsafe. Consider using fopen_s instead. To disable deprecation, use _CRT_SECURE_NO_WARNINGS. See online help for details.
                 c:\program files (x86)\microsoft visual studio 12.0\vc\include\stdio.h(211) : 参见“fopen”的声明
         正在生成代码...
       Link:
         C:\Program Files (x86)\Microsoft Visual Studio 12.0\VC\bin\link.exe /ERRORREPORT:PROMPT /OUT:"S:\My Star\MyProjects\Final\Course Selection Management System For Students\一定要读Readme文档\Debug\Course Selection Management System For Students.exe" /INCREMENTAL /NOLOGO kernel32.lib user32.lib gdi32.lib winspool.lib comdlg32.lib advapi32.lib shell32.lib ole32.lib oleaut32.lib uuid.lib odbc32.lib odbccp32.lib /MANIFEST /MANIFESTUAC:"level='asInvoker' uiAccess='false'" /manifest:embed /DEBUG /PDB:"S:\My Star\MyProjects\Final\Course Selection Management System For Students\一定要读Readme文档\Debug\Course Selection Management System For Students.pdb" /SUBSYSTEM:CONSOLE /TLBID:1 /DYNAMICBASE /NXCOMPAT /IMPLIB:"S:\My Star\MyProjects\Final\Course Selection Management System For Students\一定要读Readme文档\Debug\Course Selection Management System For Students.lib" /MACHINE:X86 Debug\Control.obj
         "Debug\Course Selection Management System For Students.obj"
         Debug\Model.obj
         Debug\stdafx.obj
         Debug\View.obj
         Course Selection Management System For Students.vcxproj -> S:\My Star\MyProjects\Final\Course Selection Management System For Students\一定要读Readme文档\Debug\Course Selection Management System For Students.exe
     1>已完成生成项目“S:\My Star\MyProjects\Final\Course Selection Management System For Students\一定要读Readme文档\Course Selection Management System For Students\Course Selection Management System For Students.vcxproj”(Build 个目标)的操作。

生成成功。

已用时间 00:00:02.09
